#
# A fatal error has been detected by the Java Runtime Environment:
#
#  SIGSEGV (0xb) at pc=0x0000000103b495d4, pid=94259, tid=9987
#
# JRE version: Java(TM) SE Runtime Environment (13.0.2+8) (build 13.0.2+8)
# Java VM: Java HotSpot(TM) 64-Bit Server VM (13.0.2+8, mixed mode, sharing, tiered, compressed oops, g1 gc, bsd-amd64)
# Problematic frame:
# V  [libjvm.dylib+0x7495d4]  _ZN16RawAccessBarrierILy1097844EE13load_internalILy1097844EP7oopDescEEN8EnableIfIXsr12HasDecoratorIXT_EXL_ZL12MO_UNORDEREDEEEE5valueET0_E4typeEPv+0x4
#
# No core dump will be written. Core dumps have been disabled. To enable core dumping, try "ulimit -c unlimited" before starting Java again
#
# If you would like to submit a bug report, please visit:
#   http://bugreport.java.com/bugreport/crash.jsp
#

---------------  S U M M A R Y ------------

Command Line: -Dfile.encoding=UTF-8 org.apache.catalina.startup.Tomcat$1

Host: MacBookPro12,1 x86_64 2700 MHz, 4 cores, 8G, Darwin 19.4.0
Time: Wed Jun 10 16:28:46 2020 EDT elapsed time: 0 seconds (0d 0h 0m 0s)

---------------  T H R E A D  ---------------

Current thread (0x00007ffc19026000):  JavaThread "main" [_thread_in_vm, id=9987, stack(0x0000700007a7c000,0x0000700007b7c000)]

Stack: [0x0000700007a7c000,0x0000700007b7c000],  sp=0x0000700007b7bdb0,  free space=1023k
Native frames: (J=compiled Java code, A=aot compiled Java code, j=interpreted, Vv=VM code, C=native code)
V  [libjvm.dylib+0x7495d4]  _ZN16RawAccessBarrierILy1097844EE13load_internalILy1097844EP7oopDescEEN8EnableIfIXsr12HasDecoratorIXT_EXL_ZL12MO_UNORDEREDEEEE5valueET0_E4typeEPv+0x4
V  [libjvm.dylib+0x749599]  _ZN16RawAccessBarrierILy1097844EE8oop_loadIP7oopDescEET_Pv+0x9
V  [libjvm.dylib+0x74960b]  _ZN12G1BarrierSet13AccessBarrierILy1097844ES_E20oop_load_not_in_heapIP7oopDescEES4_PT_+0xb
V  [libjvm.dylib+0x3dcf31]  jni_GetStringUTFChars+0xde
C  [libjli.dylib+0x70bc]  PostJVMInit+0xad
C  [libjli.dylib+0x4a01]  JavaMain+0xa4f
C  [libjli.dylib+0x6d64]  ThreadJavaMain+0x9
C  [libsystem_pthread.dylib+0x6109]  _pthread_start+0x94
C  [libsystem_pthread.dylib+0x1b8b]  thread_start+0xf


siginfo: si_signo: 11 (SIGSEGV), si_code: 1 (SEGV_MAPERR), si_addr: 0x0000000000000000

Register to memory mapping:

RAX=0x0 is NULL
RBX=0x00007ffc19026310 points into unknown readable memory: e0 9d d4 03 01 00 00 00
RCX=0x0000000103d49de0: jni_NativeInterface+0 in /Library/Java/JavaVirtualMachines/jdk-13.0.2.jdk/Contents/Home/lib/server/libjvm.dylib at 0x0000000103400000
RDX=0x0 is NULL
RSP=0x0000700007b7bdb0 is pointing into the stack for thread: 0x00007ffc19026000
RBP=0x0000700007b7bdb0 is pointing into the stack for thread: 0x00007ffc19026000
RSI=0x0 is NULL
RDI=0x0 is NULL
R8 ={method} {0x0000000800328e68} 'getCanonicalName' '()Ljava/lang/String;' in 'java/lang/Class'
R9 =0x00007ffc18c1bc00 points into unknown readable memory: 68 8e 32 00 08 00 00 00
R10=0x0000000103dc40d0: _ZN19TemplateInterpreter13_active_tableE+0x4800 in /Library/Java/JavaVirtualMachines/jdk-13.0.2.jdk/Contents/Home/lib/server/libjvm.dylib at 0x0000000103400000
R11=0x00000008009cae00 is pointing into metadata
R12=0x00007ffc19026000 is a thread
R13=0x0 is NULL
R14=0x0 is NULL
R15=0x0 is NULL


Registers:
RAX=0x0000000000000000, RBX=0x00007ffc19026310, RCX=0x0000000103d49de0, RDX=0x0000000000000000
RSP=0x0000700007b7bdb0, RBP=0x0000700007b7bdb0, RSI=0x0000000000000000, RDI=0x0000000000000000
R8 =0x0000000800328e68, R9 =0x00007ffc18c1bc00, R10=0x0000000103dc40d0, R11=0x00000008009cae00
R12=0x00007ffc19026000, R13=0x0000000000000000, R14=0x0000000000000000, R15=0x0000000000000000
RIP=0x0000000103b495d4, EFLAGS=0x0000000000010246, ERR=0x0000000000000004
  TRAPNO=0x000000000000000e

Top of Stack: (sp=0x0000700007b7bdb0)
0x0000700007b7bdb0:   0000700007b7bdc0 0000000103b49599
0x0000700007b7bdc0:   0000700007b7bde0 0000000103b4960b
0x0000700007b7bdd0:   0000000000000000 00007ffc19026310
0x0000700007b7bde0:   0000700007b7be80 00000001037dcf31
0x0000700007b7bdf0:   0000700007b7be10 0000000103b464b3
0x0000700007b7be00:   0000000103db9501 00007ffc19026000
0x0000700007b7be10:   0000700007b7be30 0000000103b4674a
0x0000700007b7be20:   00007ffc19026000 0000000000000000
0x0000700007b7be30:   0000700007b7be50 0000000103b4671c
0x0000700007b7be40:   00007ffc19026000 00007ffc19026310
0x0000700007b7be50:   0000700007b7be80 00007ffc19026310
0x0000700007b7be60:   00007ffc18c1c540 0000000000000000
0x0000700007b7be70:   0000000000000000 00007ffc18c1c548
0x0000700007b7be80:   0000700007b7bf10 0000000102b2b0bc
0x0000700007b7be90:   0000000103db9501 00007ffc19026000
0x0000700007b7bea0:   0000700007b7bec0 0000000103b4674a
0x0000700007b7beb0:   00007ffc18c1bad0 00007ffc19026000
0x0000700007b7bec0:   0000700007b7bee0 0000000103b4671c
0x0000700007b7bed0:   00007ffc18c1bcf0 0000000000000000
0x0000700007b7bee0:   0000700007b7bf10 1554045bea1c009d
0x0000700007b7bef0:   00007ffc19026310 00007ffc18c1c540
0x0000700007b7bf00:   00007ffc18c1c558 00007ffc18c1c548
0x0000700007b7bf10:   0000700007b7bfa0 0000000102b28a01
0x0000700007b7bf20:   0000000000000000 000001729fefa90b
0x0000700007b7bf30:   0000000400010002 00007ffc18c0eea0
0x0000700007b7bf40:   0000000000000000 0000000000000000
0x0000700007b7bf50:   00007ffc18d041c8 0000000000000001
0x0000700007b7bf60:   00007ffc18d04150 00007ffc19026310
0x0000700007b7bf70:   0000000103d49dd8 0000700007b7c000
0x0000700007b7bf80:   0000000000000000 0000000000000000
0x0000700007b7bf90:   0000000000000000 0000000000000000
0x0000700007b7bfa0:   0000700007b7bfb0 0000000102b2ad64 

Instructions: (pc=0x0000000103b495d4)
0x0000000103b494d4:   c1 5d c3 48 8d 3d 89 cd 05 00 48 8d 15 88 ce 05
0x0000000103b494e4:   00 be ef 00 00 00 31 c0 e8 78 f4 b0 ff e8 d8 6c
0x0000000103b494f4:   ed ff 31 c0 5d c3 66 0f 1f 44 00 00 55 48 89 e5
0x0000000103b49504:   e8 67 fc ff ff 48 89 c7 e8 6f fc ff ff ff c8 83
0x0000000103b49514:   f8 03 73 0f 48 98 48 8d 0d 6f 3c 1f 00 48 8b 04
0x0000000103b49524:   c1 5d c3 48 8d 3d 39 cd 05 00 48 8d 15 38 ce 05
0x0000000103b49534:   00 be ef 00 00 00 31 c0 e8 28 f4 b0 ff e8 88 6c
0x0000000103b49544:   ed ff 31 c0 5d c3 66 0f 1f 44 00 00 55 48 89 e5
0x0000000103b49554:   5d e9 26 00 00 00 66 0f 1f 44 00 00 55 48 89 e5
0x0000000103b49564:   5d e9 86 00 00 00 66 0f 1f 44 00 00 55 48 89 e5
0x0000000103b49574:   5d e9 86 00 00 00 66 0f 1f 44 00 00 55 48 89 e5
0x0000000103b49584:   5d e9 06 00 00 00 66 0f 1f 44 00 00 55 48 89 e5
0x0000000103b49594:   e8 17 00 00 00 48 89 c7 5d e9 1e 00 00 00 66 66
0x0000000103b495a4:   66 66 66 2e 0f 1f 84 00 00 00 00 00 55 48 89 e5
0x0000000103b495b4:   5d e9 16 00 00 00 66 0f 1f 44 00 00 55 48 89 e5
0x0000000103b495c4:   5d e9 16 00 00 00 66 0f 1f 44 00 00 55 48 89 e5
0x0000000103b495d4:   48 8b 07 5d c3 0f 1f 80 00 00 00 00 55 48 89 e5
0x0000000103b495e4:   48 89 f8 5d c3 0f 1f 80 00 00 00 00 55 48 89 e5
0x0000000103b495f4:   5d e9 96 ff ff ff 66 0f 1f 44 00 00 55 48 89 e5
0x0000000103b49604:   53 50 e8 25 00 00 00 48 89 c3 bf 74 c0 10 00 48
0x0000000103b49614:   89 de e8 75 fc ff ff 48 89 d8 48 83 c4 08 5b 5d
0x0000000103b49624:   c3 66 66 2e 0f 1f 84 00 00 00 00 00 55 48 89 e5
0x0000000103b49634:   5d e9 56 ff ff ff 66 0f 1f 44 00 00 55 48 89 e5
0x0000000103b49644:   5d e9 26 00 00 00 66 0f 1f 44 00 00 55 48 89 e5
0x0000000103b49654:   5d e9 86 00 00 00 66 0f 1f 44 00 00 55 48 89 e5
0x0000000103b49664:   5d e9 86 00 00 00 66 0f 1f 44 00 00 55 48 89 e5
0x0000000103b49674:   5d e9 06 00 00 00 66 0f 1f 44 00 00 55 48 89 e5
0x0000000103b49684:   e8 17 00 00 00 48 89 c7 5d e9 1e 00 00 00 66 66
0x0000000103b49694:   66 66 66 2e 0f 1f 84 00 00 00 00 00 55 48 89 e5
0x0000000103b496a4:   5d e9 16 00 00 00 66 0f 1f 44 00 00 55 48 89 e5
0x0000000103b496b4:   5d e9 16 00 00 00 66 0f 1f 44 00 00 55 48 89 e5
0x0000000103b496c4:   48 8b 07 5d c3 0f 1f 80 00 00 00 00 55 48 89 e5 


Stack slot to memory mapping:
stack at sp + 0 slots: 0x0000700007b7bdc0 is pointing into the stack for thread: 0x00007ffc19026000
stack at sp + 1 slots: 0x0000000103b49599: _ZN16RawAccessBarrierILy1097844EE8oop_loadIP7oopDescEET_Pv+0x9 in /Library/Java/JavaVirtualMachines/jdk-13.0.2.jdk/Contents/Home/lib/server/libjvm.dylib at 0x0000000103400000
stack at sp + 2 slots: 0x0000700007b7bde0 is pointing into the stack for thread: 0x00007ffc19026000
stack at sp + 3 slots: 0x0000000103b4960b: _ZN12G1BarrierSet13AccessBarrierILy1097844ES_E20oop_load_not_in_heapIP7oopDescEES4_PT_+0xb in /Library/Java/JavaVirtualMachines/jdk-13.0.2.jdk/Contents/Home/lib/server/libjvm.dylib at 0x0000000103400000
stack at sp + 4 slots: 0x0 is NULL
stack at sp + 5 slots: 0x00007ffc19026310 points into unknown readable memory: e0 9d d4 03 01 00 00 00
stack at sp + 6 slots: 0x0000700007b7be80 is pointing into the stack for thread: 0x00007ffc19026000
stack at sp + 7 slots: 0x00000001037dcf31: jni_GetStringUTFChars+0xde in /Library/Java/JavaVirtualMachines/jdk-13.0.2.jdk/Contents/Home/lib/server/libjvm.dylib at 0x0000000103400000


---------------  P R O C E S S  ---------------

Threads class SMR info:
_java_thread_list=0x00007ffc18c6e540, length=9, elements={
0x00007ffc19026000, 0x00007ffc1980c800, 0x00007ffc1980a000, 0x00007ffc1a81f000,
0x00007ffc1a820000, 0x00007ffc1a821000, 0x00007ffc19815000, 0x00007ffc190ba000,
0x00007ffc1a81c000
}

Java Threads: ( => current thread )
=>0x00007ffc19026000 JavaThread "main" [_thread_in_vm, id=9987, stack(0x0000700007a7c000,0x0000700007b7c000)]
  0x00007ffc1980c800 JavaThread "Reference Handler" daemon [_thread_blocked, id=18947, stack(0x0000700008191000,0x0000700008291000)]
  0x00007ffc1980a000 JavaThread "Finalizer" daemon [_thread_blocked, id=15363, stack(0x0000700008294000,0x0000700008394000)]
  0x00007ffc1a81f000 JavaThread "Signal Dispatcher" daemon [_thread_blocked, id=22019, stack(0x000070000849d000,0x000070000859d000)]
  0x00007ffc1a820000 JavaThread "C2 CompilerThread0" daemon [_thread_blocked, id=42499, stack(0x00007000085a0000,0x00007000086a0000)]
  0x00007ffc1a821000 JavaThread "C1 CompilerThread0" daemon [_thread_blocked, id=41731, stack(0x00007000086a3000,0x00007000087a3000)]
  0x00007ffc19815000 JavaThread "Sweeper thread" daemon [_thread_blocked, id=40963, stack(0x00007000087a6000,0x00007000088a6000)]
  0x00007ffc190ba000 JavaThread "Service Thread" daemon [_thread_blocked, id=40707, stack(0x00007000088a9000,0x00007000089a9000)]
  0x00007ffc1a81c000 JavaThread "Common-Cleaner" daemon [_thread_blocked, id=23811, stack(0x0000700008aaf000,0x0000700008baf000)]

Other Threads:
  0x00007ffc1980b800 VMThread "VM Thread" [stack: 0x000070000808e000,0x000070000818e000] [id=14339]
  0x00007ffc1a81b000 WatcherThread [stack: 0x00007000089ac000,0x0000700008aac000] [id=23043]
  0x00007ffc19049000 GCTaskThread "GC Thread#0" [stack: 0x0000700007b7f000,0x0000700007c7f000] [id=20739]
  0x00007ffc1905a000 ConcurrentGCThread "G1 Main Marker" [stack: 0x0000700007c82000,0x0000700007d82000] [id=11779]
  0x00007ffc1905a800 ConcurrentGCThread "G1 Conc#0" [stack: 0x0000700007d85000,0x0000700007e85000] [id=12291]
  0x00007ffc190ab800 ConcurrentGCThread "G1 Refine#0" [stack: 0x0000700007e88000,0x0000700007f88000] [id=19971]
  0x00007ffc190ac000 ConcurrentGCThread "G1 Young RemSet Sampling" [stack: 0x0000700007f8b000,0x000070000808b000] [id=13059]

Threads with active compile tasks:

VM state:not at safepoint (normal execution)

VM Mutex/Monitor currently owned by a thread: None

Heap address: 0x0000000780000000, size: 2048 MB, Compressed Oops mode: Zero based, Oop shift amount: 3
Narrow klass base: 0x0000000800000000, Narrow klass shift: 3
Compressed class space size: 1073741824 Address: 0x0000000800ae0000

Heap:
 garbage-first heap   total 133120K, used 2808K [0x0000000780000000, 0x0000000800000000)
  region size 1024K, 3 young (3072K), 0 survivors (0K)
 Metaspace       used 657K, capacity 4862K, committed 5120K, reserved 1056768K
  class space    used 46K, capacity 426K, committed 512K, reserved 1048576K
Heap Regions: E=young(eden), S=young(survivor), O=old, HS=humongous(starts), HC=humongous(continues), CS=collection set, F=free, A=archive, TAMS=top-at-mark-start (previous, next)
|   0|0x0000000780000000, 0x0000000780000000, 0x0000000780100000|  0%| F|  |TAMS 0x0000000780000000, 0x0000000780000000| Untracked 
|   1|0x0000000780100000, 0x0000000780100000, 0x0000000780200000|  0%| F|  |TAMS 0x0000000780100000, 0x0000000780100000| Untracked 
|   2|0x0000000780200000, 0x0000000780200000, 0x0000000780300000|  0%| F|  |TAMS 0x0000000780200000, 0x0000000780200000| Untracked 
|   3|0x0000000780300000, 0x0000000780300000, 0x0000000780400000|  0%| F|  |TAMS 0x0000000780300000, 0x0000000780300000| Untracked 
|   4|0x0000000780400000, 0x0000000780400000, 0x0000000780500000|  0%| F|  |TAMS 0x0000000780400000, 0x0000000780400000| Untracked 
|   5|0x0000000780500000, 0x0000000780500000, 0x0000000780600000|  0%| F|  |TAMS 0x0000000780500000, 0x0000000780500000| Untracked 
|   6|0x0000000780600000, 0x0000000780600000, 0x0000000780700000|  0%| F|  |TAMS 0x0000000780600000, 0x0000000780600000| Untracked 
|   7|0x0000000780700000, 0x0000000780700000, 0x0000000780800000|  0%| F|  |TAMS 0x0000000780700000, 0x0000000780700000| Untracked 
|   8|0x0000000780800000, 0x0000000780800000, 0x0000000780900000|  0%| F|  |TAMS 0x0000000780800000, 0x0000000780800000| Untracked 
|   9|0x0000000780900000, 0x0000000780900000, 0x0000000780a00000|  0%| F|  |TAMS 0x0000000780900000, 0x0000000780900000| Untracked 
|  10|0x0000000780a00000, 0x0000000780a00000, 0x0000000780b00000|  0%| F|  |TAMS 0x0000000780a00000, 0x0000000780a00000| Untracked 
|  11|0x0000000780b00000, 0x0000000780b00000, 0x0000000780c00000|  0%| F|  |TAMS 0x0000000780b00000, 0x0000000780b00000| Untracked 
|  12|0x0000000780c00000, 0x0000000780c00000, 0x0000000780d00000|  0%| F|  |TAMS 0x0000000780c00000, 0x0000000780c00000| Untracked 
|  13|0x0000000780d00000, 0x0000000780d00000, 0x0000000780e00000|  0%| F|  |TAMS 0x0000000780d00000, 0x0000000780d00000| Untracked 
|  14|0x0000000780e00000, 0x0000000780e00000, 0x0000000780f00000|  0%| F|  |TAMS 0x0000000780e00000, 0x0000000780e00000| Untracked 
|  15|0x0000000780f00000, 0x0000000780f00000, 0x0000000781000000|  0%| F|  |TAMS 0x0000000780f00000, 0x0000000780f00000| Untracked 
|  16|0x0000000781000000, 0x0000000781000000, 0x0000000781100000|  0%| F|  |TAMS 0x0000000781000000, 0x0000000781000000| Untracked 
|  17|0x0000000781100000, 0x0000000781100000, 0x0000000781200000|  0%| F|  |TAMS 0x0000000781100000, 0x0000000781100000| Untracked 
|  18|0x0000000781200000, 0x0000000781200000, 0x0000000781300000|  0%| F|  |TAMS 0x0000000781200000, 0x0000000781200000| Untracked 
|  19|0x0000000781300000, 0x0000000781300000, 0x0000000781400000|  0%| F|  |TAMS 0x0000000781300000, 0x0000000781300000| Untracked 
|  20|0x0000000781400000, 0x0000000781400000, 0x0000000781500000|  0%| F|  |TAMS 0x0000000781400000, 0x0000000781400000| Untracked 
|  21|0x0000000781500000, 0x0000000781500000, 0x0000000781600000|  0%| F|  |TAMS 0x0000000781500000, 0x0000000781500000| Untracked 
|  22|0x0000000781600000, 0x0000000781600000, 0x0000000781700000|  0%| F|  |TAMS 0x0000000781600000, 0x0000000781600000| Untracked 
|  23|0x0000000781700000, 0x0000000781700000, 0x0000000781800000|  0%| F|  |TAMS 0x0000000781700000, 0x0000000781700000| Untracked 
|  24|0x0000000781800000, 0x0000000781800000, 0x0000000781900000|  0%| F|  |TAMS 0x0000000781800000, 0x0000000781800000| Untracked 
|  25|0x0000000781900000, 0x0000000781900000, 0x0000000781a00000|  0%| F|  |TAMS 0x0000000781900000, 0x0000000781900000| Untracked 
|  26|0x0000000781a00000, 0x0000000781a00000, 0x0000000781b00000|  0%| F|  |TAMS 0x0000000781a00000, 0x0000000781a00000| Untracked 
|  27|0x0000000781b00000, 0x0000000781b00000, 0x0000000781c00000|  0%| F|  |TAMS 0x0000000781b00000, 0x0000000781b00000| Untracked 
|  28|0x0000000781c00000, 0x0000000781c00000, 0x0000000781d00000|  0%| F|  |TAMS 0x0000000781c00000, 0x0000000781c00000| Untracked 
|  29|0x0000000781d00000, 0x0000000781d00000, 0x0000000781e00000|  0%| F|  |TAMS 0x0000000781d00000, 0x0000000781d00000| Untracked 
|  30|0x0000000781e00000, 0x0000000781e00000, 0x0000000781f00000|  0%| F|  |TAMS 0x0000000781e00000, 0x0000000781e00000| Untracked 
|  31|0x0000000781f00000, 0x0000000781f00000, 0x0000000782000000|  0%| F|  |TAMS 0x0000000781f00000, 0x0000000781f00000| Untracked 
|  32|0x0000000782000000, 0x0000000782000000, 0x0000000782100000|  0%| F|  |TAMS 0x0000000782000000, 0x0000000782000000| Untracked 
|  33|0x0000000782100000, 0x0000000782100000, 0x0000000782200000|  0%| F|  |TAMS 0x0000000782100000, 0x0000000782100000| Untracked 
|  34|0x0000000782200000, 0x0000000782200000, 0x0000000782300000|  0%| F|  |TAMS 0x0000000782200000, 0x0000000782200000| Untracked 
|  35|0x0000000782300000, 0x0000000782300000, 0x0000000782400000|  0%| F|  |TAMS 0x0000000782300000, 0x0000000782300000| Untracked 
|  36|0x0000000782400000, 0x0000000782400000, 0x0000000782500000|  0%| F|  |TAMS 0x0000000782400000, 0x0000000782400000| Untracked 
|  37|0x0000000782500000, 0x0000000782500000, 0x0000000782600000|  0%| F|  |TAMS 0x0000000782500000, 0x0000000782500000| Untracked 
|  38|0x0000000782600000, 0x0000000782600000, 0x0000000782700000|  0%| F|  |TAMS 0x0000000782600000, 0x0000000782600000| Untracked 
|  39|0x0000000782700000, 0x0000000782700000, 0x0000000782800000|  0%| F|  |TAMS 0x0000000782700000, 0x0000000782700000| Untracked 
|  40|0x0000000782800000, 0x0000000782800000, 0x0000000782900000|  0%| F|  |TAMS 0x0000000782800000, 0x0000000782800000| Untracked 
|  41|0x0000000782900000, 0x0000000782900000, 0x0000000782a00000|  0%| F|  |TAMS 0x0000000782900000, 0x0000000782900000| Untracked 
|  42|0x0000000782a00000, 0x0000000782a00000, 0x0000000782b00000|  0%| F|  |TAMS 0x0000000782a00000, 0x0000000782a00000| Untracked 
|  43|0x0000000782b00000, 0x0000000782b00000, 0x0000000782c00000|  0%| F|  |TAMS 0x0000000782b00000, 0x0000000782b00000| Untracked 
|  44|0x0000000782c00000, 0x0000000782c00000, 0x0000000782d00000|  0%| F|  |TAMS 0x0000000782c00000, 0x0000000782c00000| Untracked 
|  45|0x0000000782d00000, 0x0000000782d00000, 0x0000000782e00000|  0%| F|  |TAMS 0x0000000782d00000, 0x0000000782d00000| Untracked 
|  46|0x0000000782e00000, 0x0000000782e00000, 0x0000000782f00000|  0%| F|  |TAMS 0x0000000782e00000, 0x0000000782e00000| Untracked 
|  47|0x0000000782f00000, 0x0000000782f00000, 0x0000000783000000|  0%| F|  |TAMS 0x0000000782f00000, 0x0000000782f00000| Untracked 
|  48|0x0000000783000000, 0x0000000783000000, 0x0000000783100000|  0%| F|  |TAMS 0x0000000783000000, 0x0000000783000000| Untracked 
|  49|0x0000000783100000, 0x0000000783100000, 0x0000000783200000|  0%| F|  |TAMS 0x0000000783100000, 0x0000000783100000| Untracked 
|  50|0x0000000783200000, 0x0000000783200000, 0x0000000783300000|  0%| F|  |TAMS 0x0000000783200000, 0x0000000783200000| Untracked 
|  51|0x0000000783300000, 0x0000000783300000, 0x0000000783400000|  0%| F|  |TAMS 0x0000000783300000, 0x0000000783300000| Untracked 
|  52|0x0000000783400000, 0x0000000783400000, 0x0000000783500000|  0%| F|  |TAMS 0x0000000783400000, 0x0000000783400000| Untracked 
|  53|0x0000000783500000, 0x0000000783500000, 0x0000000783600000|  0%| F|  |TAMS 0x0000000783500000, 0x0000000783500000| Untracked 
|  54|0x0000000783600000, 0x0000000783600000, 0x0000000783700000|  0%| F|  |TAMS 0x0000000783600000, 0x0000000783600000| Untracked 
|  55|0x0000000783700000, 0x0000000783700000, 0x0000000783800000|  0%| F|  |TAMS 0x0000000783700000, 0x0000000783700000| Untracked 
|  56|0x0000000783800000, 0x0000000783800000, 0x0000000783900000|  0%| F|  |TAMS 0x0000000783800000, 0x0000000783800000| Untracked 
|  57|0x0000000783900000, 0x0000000783900000, 0x0000000783a00000|  0%| F|  |TAMS 0x0000000783900000, 0x0000000783900000| Untracked 
|  58|0x0000000783a00000, 0x0000000783a00000, 0x0000000783b00000|  0%| F|  |TAMS 0x0000000783a00000, 0x0000000783a00000| Untracked 
|  59|0x0000000783b00000, 0x0000000783b00000, 0x0000000783c00000|  0%| F|  |TAMS 0x0000000783b00000, 0x0000000783b00000| Untracked 
|  60|0x0000000783c00000, 0x0000000783c00000, 0x0000000783d00000|  0%| F|  |TAMS 0x0000000783c00000, 0x0000000783c00000| Untracked 
|  61|0x0000000783d00000, 0x0000000783d00000, 0x0000000783e00000|  0%| F|  |TAMS 0x0000000783d00000, 0x0000000783d00000| Untracked 
|  62|0x0000000783e00000, 0x0000000783e00000, 0x0000000783f00000|  0%| F|  |TAMS 0x0000000783e00000, 0x0000000783e00000| Untracked 
|  63|0x0000000783f00000, 0x0000000783f00000, 0x0000000784000000|  0%| F|  |TAMS 0x0000000783f00000, 0x0000000783f00000| Untracked 
|  64|0x0000000784000000, 0x0000000784000000, 0x0000000784100000|  0%| F|  |TAMS 0x0000000784000000, 0x0000000784000000| Untracked 
|  65|0x0000000784100000, 0x0000000784100000, 0x0000000784200000|  0%| F|  |TAMS 0x0000000784100000, 0x0000000784100000| Untracked 
|  66|0x0000000784200000, 0x0000000784200000, 0x0000000784300000|  0%| F|  |TAMS 0x0000000784200000, 0x0000000784200000| Untracked 
|  67|0x0000000784300000, 0x0000000784300000, 0x0000000784400000|  0%| F|  |TAMS 0x0000000784300000, 0x0000000784300000| Untracked 
|  68|0x0000000784400000, 0x0000000784400000, 0x0000000784500000|  0%| F|  |TAMS 0x0000000784400000, 0x0000000784400000| Untracked 
|  69|0x0000000784500000, 0x0000000784500000, 0x0000000784600000|  0%| F|  |TAMS 0x0000000784500000, 0x0000000784500000| Untracked 
|  70|0x0000000784600000, 0x0000000784600000, 0x0000000784700000|  0%| F|  |TAMS 0x0000000784600000, 0x0000000784600000| Untracked 
|  71|0x0000000784700000, 0x0000000784700000, 0x0000000784800000|  0%| F|  |TAMS 0x0000000784700000, 0x0000000784700000| Untracked 
|  72|0x0000000784800000, 0x0000000784800000, 0x0000000784900000|  0%| F|  |TAMS 0x0000000784800000, 0x0000000784800000| Untracked 
|  73|0x0000000784900000, 0x0000000784900000, 0x0000000784a00000|  0%| F|  |TAMS 0x0000000784900000, 0x0000000784900000| Untracked 
|  74|0x0000000784a00000, 0x0000000784a00000, 0x0000000784b00000|  0%| F|  |TAMS 0x0000000784a00000, 0x0000000784a00000| Untracked 
|  75|0x0000000784b00000, 0x0000000784b00000, 0x0000000784c00000|  0%| F|  |TAMS 0x0000000784b00000, 0x0000000784b00000| Untracked 
|  76|0x0000000784c00000, 0x0000000784c00000, 0x0000000784d00000|  0%| F|  |TAMS 0x0000000784c00000, 0x0000000784c00000| Untracked 
|  77|0x0000000784d00000, 0x0000000784d00000, 0x0000000784e00000|  0%| F|  |TAMS 0x0000000784d00000, 0x0000000784d00000| Untracked 
|  78|0x0000000784e00000, 0x0000000784e00000, 0x0000000784f00000|  0%| F|  |TAMS 0x0000000784e00000, 0x0000000784e00000| Untracked 
|  79|0x0000000784f00000, 0x0000000784f00000, 0x0000000785000000|  0%| F|  |TAMS 0x0000000784f00000, 0x0000000784f00000| Untracked 
|  80|0x0000000785000000, 0x0000000785000000, 0x0000000785100000|  0%| F|  |TAMS 0x0000000785000000, 0x0000000785000000| Untracked 
|  81|0x0000000785100000, 0x0000000785100000, 0x0000000785200000|  0%| F|  |TAMS 0x0000000785100000, 0x0000000785100000| Untracked 
|  82|0x0000000785200000, 0x0000000785200000, 0x0000000785300000|  0%| F|  |TAMS 0x0000000785200000, 0x0000000785200000| Untracked 
|  83|0x0000000785300000, 0x0000000785300000, 0x0000000785400000|  0%| F|  |TAMS 0x0000000785300000, 0x0000000785300000| Untracked 
|  84|0x0000000785400000, 0x0000000785400000, 0x0000000785500000|  0%| F|  |TAMS 0x0000000785400000, 0x0000000785400000| Untracked 
|  85|0x0000000785500000, 0x0000000785500000, 0x0000000785600000|  0%| F|  |TAMS 0x0000000785500000, 0x0000000785500000| Untracked 
|  86|0x0000000785600000, 0x0000000785600000, 0x0000000785700000|  0%| F|  |TAMS 0x0000000785600000, 0x0000000785600000| Untracked 
|  87|0x0000000785700000, 0x0000000785700000, 0x0000000785800000|  0%| F|  |TAMS 0x0000000785700000, 0x0000000785700000| Untracked 
|  88|0x0000000785800000, 0x0000000785800000, 0x0000000785900000|  0%| F|  |TAMS 0x0000000785800000, 0x0000000785800000| Untracked 
|  89|0x0000000785900000, 0x0000000785900000, 0x0000000785a00000|  0%| F|  |TAMS 0x0000000785900000, 0x0000000785900000| Untracked 
|  90|0x0000000785a00000, 0x0000000785a00000, 0x0000000785b00000|  0%| F|  |TAMS 0x0000000785a00000, 0x0000000785a00000| Untracked 
|  91|0x0000000785b00000, 0x0000000785b00000, 0x0000000785c00000|  0%| F|  |TAMS 0x0000000785b00000, 0x0000000785b00000| Untracked 
|  92|0x0000000785c00000, 0x0000000785c00000, 0x0000000785d00000|  0%| F|  |TAMS 0x0000000785c00000, 0x0000000785c00000| Untracked 
|  93|0x0000000785d00000, 0x0000000785d00000, 0x0000000785e00000|  0%| F|  |TAMS 0x0000000785d00000, 0x0000000785d00000| Untracked 
|  94|0x0000000785e00000, 0x0000000785e00000, 0x0000000785f00000|  0%| F|  |TAMS 0x0000000785e00000, 0x0000000785e00000| Untracked 
|  95|0x0000000785f00000, 0x0000000785f00000, 0x0000000786000000|  0%| F|  |TAMS 0x0000000785f00000, 0x0000000785f00000| Untracked 
|  96|0x0000000786000000, 0x0000000786000000, 0x0000000786100000|  0%| F|  |TAMS 0x0000000786000000, 0x0000000786000000| Untracked 
|  97|0x0000000786100000, 0x0000000786100000, 0x0000000786200000|  0%| F|  |TAMS 0x0000000786100000, 0x0000000786100000| Untracked 
|  98|0x0000000786200000, 0x0000000786200000, 0x0000000786300000|  0%| F|  |TAMS 0x0000000786200000, 0x0000000786200000| Untracked 
|  99|0x0000000786300000, 0x0000000786300000, 0x0000000786400000|  0%| F|  |TAMS 0x0000000786300000, 0x0000000786300000| Untracked 
| 100|0x0000000786400000, 0x0000000786400000, 0x0000000786500000|  0%| F|  |TAMS 0x0000000786400000, 0x0000000786400000| Untracked 
| 101|0x0000000786500000, 0x0000000786500000, 0x0000000786600000|  0%| F|  |TAMS 0x0000000786500000, 0x0000000786500000| Untracked 
| 102|0x0000000786600000, 0x0000000786600000, 0x0000000786700000|  0%| F|  |TAMS 0x0000000786600000, 0x0000000786600000| Untracked 
| 103|0x0000000786700000, 0x0000000786700000, 0x0000000786800000|  0%| F|  |TAMS 0x0000000786700000, 0x0000000786700000| Untracked 
| 104|0x0000000786800000, 0x0000000786800000, 0x0000000786900000|  0%| F|  |TAMS 0x0000000786800000, 0x0000000786800000| Untracked 
| 105|0x0000000786900000, 0x0000000786900000, 0x0000000786a00000|  0%| F|  |TAMS 0x0000000786900000, 0x0000000786900000| Untracked 
| 106|0x0000000786a00000, 0x0000000786a00000, 0x0000000786b00000|  0%| F|  |TAMS 0x0000000786a00000, 0x0000000786a00000| Untracked 
| 107|0x0000000786b00000, 0x0000000786b00000, 0x0000000786c00000|  0%| F|  |TAMS 0x0000000786b00000, 0x0000000786b00000| Untracked 
| 108|0x0000000786c00000, 0x0000000786c00000, 0x0000000786d00000|  0%| F|  |TAMS 0x0000000786c00000, 0x0000000786c00000| Untracked 
| 109|0x0000000786d00000, 0x0000000786d00000, 0x0000000786e00000|  0%| F|  |TAMS 0x0000000786d00000, 0x0000000786d00000| Untracked 
| 110|0x0000000786e00000, 0x0000000786e00000, 0x0000000786f00000|  0%| F|  |TAMS 0x0000000786e00000, 0x0000000786e00000| Untracked 
| 111|0x0000000786f00000, 0x0000000786f00000, 0x0000000787000000|  0%| F|  |TAMS 0x0000000786f00000, 0x0000000786f00000| Untracked 
| 112|0x0000000787000000, 0x0000000787000000, 0x0000000787100000|  0%| F|  |TAMS 0x0000000787000000, 0x0000000787000000| Untracked 
| 113|0x0000000787100000, 0x0000000787100000, 0x0000000787200000|  0%| F|  |TAMS 0x0000000787100000, 0x0000000787100000| Untracked 
| 114|0x0000000787200000, 0x0000000787200000, 0x0000000787300000|  0%| F|  |TAMS 0x0000000787200000, 0x0000000787200000| Untracked 
| 115|0x0000000787300000, 0x0000000787300000, 0x0000000787400000|  0%| F|  |TAMS 0x0000000787300000, 0x0000000787300000| Untracked 
| 116|0x0000000787400000, 0x0000000787400000, 0x0000000787500000|  0%| F|  |TAMS 0x0000000787400000, 0x0000000787400000| Untracked 
| 117|0x0000000787500000, 0x0000000787500000, 0x0000000787600000|  0%| F|  |TAMS 0x0000000787500000, 0x0000000787500000| Untracked 
| 118|0x0000000787600000, 0x0000000787600000, 0x0000000787700000|  0%| F|  |TAMS 0x0000000787600000, 0x0000000787600000| Untracked 
| 119|0x0000000787700000, 0x0000000787700000, 0x0000000787800000|  0%| F|  |TAMS 0x0000000787700000, 0x0000000787700000| Untracked 
| 120|0x0000000787800000, 0x0000000787800000, 0x0000000787900000|  0%| F|  |TAMS 0x0000000787800000, 0x0000000787800000| Untracked 
| 121|0x0000000787900000, 0x0000000787900000, 0x0000000787a00000|  0%| F|  |TAMS 0x0000000787900000, 0x0000000787900000| Untracked 
| 122|0x0000000787a00000, 0x0000000787a00000, 0x0000000787b00000|  0%| F|  |TAMS 0x0000000787a00000, 0x0000000787a00000| Untracked 
| 123|0x0000000787b00000, 0x0000000787b00000, 0x0000000787c00000|  0%| F|  |TAMS 0x0000000787b00000, 0x0000000787b00000| Untracked 
| 124|0x0000000787c00000, 0x0000000787c00000, 0x0000000787d00000|  0%| F|  |TAMS 0x0000000787c00000, 0x0000000787c00000| Untracked 
| 125|0x0000000787d00000, 0x0000000787d9dd68, 0x0000000787e00000| 61%| E|  |TAMS 0x0000000787d00000, 0x0000000787d00000| Complete 
| 126|0x0000000787e00000, 0x0000000787f00000, 0x0000000787f00000|100%| E|CS|TAMS 0x0000000787e00000, 0x0000000787e00000| Complete 
| 127|0x0000000787f00000, 0x0000000788000000, 0x0000000788000000|100%| E|CS|TAMS 0x0000000787f00000, 0x0000000787f00000| Complete 
|1022|0x00000007bfe00000, 0x00000007bfe47000, 0x00000007bff00000| 27%|OA|  |TAMS 0x00000007bfe00000, 0x00000007bfe00000| Untracked 
|1023|0x00000007bff00000, 0x00000007bff77000, 0x00000007c0000000| 46%|CA|  |TAMS 0x00000007bff00000, 0x00000007bff00000| Untracked 

Card table byte_map: [0x0000000104bab000,0x0000000104fab000] _byte_map_base: 0x0000000100fab000

Marking Bits (Prev, Next): (CMBitMap*) 0x00007ffc1901a218, (CMBitMap*) 0x00007ffc1901a258
 Prev Bits: [0x000000011cd2b000, 0x000000011ed2b000)
 Next Bits: [0x000000011ed2b000, 0x0000000120d2b000)

Polling page: 0x0000000102b89000

Metaspace:

Usage:
  Non-class:      4.33 MB capacity,   611.52 KB ( 14%) used,     3.73 MB ( 86%) free+waste,   704 bytes ( <1%) overhead. 
      Class:    426.00 KB capacity,    46.02 KB ( 11%) used,   379.54 KB ( 89%) free+waste,   448 bytes ( <1%) overhead. 
       Both:      4.75 MB capacity,   657.55 KB ( 14%) used,     4.10 MB ( 86%) free+waste,     1.12 KB ( <1%) overhead. 

Virtual space:
  Non-class space:        8.00 MB reserved,       4.50 MB ( 56%) committed 
      Class space:        1.00 GB reserved,     512.00 KB ( <1%) committed 
             Both:        1.01 GB reserved,       5.00 MB ( <1%) committed 

Chunk freelists:
   Non-Class:  0 bytes
       Class:  22.00 KB
        Both:  22.00 KB

MaxMetaspaceSize: unlimited
CompressedClassSpaceSize: 1.00 GB

CodeHeap 'non-profiled nmethods': size=120032Kb used=34Kb max_used=34Kb free=119997Kb
 bounds [0x00000001157f3000, 0x0000000115a63000, 0x000000011cd2b000]
CodeHeap 'profiled nmethods': size=120028Kb used=237Kb max_used=237Kb free=119790Kb
 bounds [0x000000010e2bc000, 0x000000010e52c000, 0x00000001157f3000]
CodeHeap 'non-nmethods': size=5700Kb used=1063Kb max_used=1077Kb free=4636Kb
 bounds [0x000000010dd2b000, 0x000000010df9b000, 0x000000010e2bc000]
 total_blobs=507 nmethods=154 adapters=195
 compilation: enabled
              stopped_count=0, restarted_count=0
 full_count=0

Compilation events (20 events):
Event: 0.241 Thread 0x00007ffc1a821000  143       3       java.lang.StringBuilder::<init> (7 bytes)
Event: 0.241 Thread 0x00007ffc1a821000 nmethod 143 0x000000010e2f2490 code [0x000000010e2f2640, 0x000000010e2f27e8]
Event: 0.241 Thread 0x00007ffc1a821000  144       3       jdk.internal.misc.Unsafe::putReferenceRelease (9 bytes)
Event: 0.241 Thread 0x00007ffc1a821000 nmethod 144 0x000000010e2f2890 code [0x000000010e2f2a20, 0x000000010e2f2bf0]
Event: 0.241 Thread 0x00007ffc1a821000  145       3       java.util.concurrent.ConcurrentHashMap::setTabAt (20 bytes)
Event: 0.241 Thread 0x00007ffc1a821000 nmethod 145 0x000000010e2f2c90 code [0x000000010e2f2e40, 0x000000010e2f3150]
Event: 0.242 Thread 0x00007ffc1a821000  139       1       java.net.URL::getFile (5 bytes)
Event: 0.242 Thread 0x00007ffc1a821000 nmethod 139 0x00000001157fa890 code [0x00000001157faa20, 0x00000001157fab50]
Event: 0.242 Thread 0x00007ffc1a821000  146       3       java.io.UnixFileSystem::normalize (75 bytes)
Event: 0.244 Thread 0x00007ffc1a821000 nmethod 146 0x000000010e2f3210 code [0x000000010e2f3460, 0x000000010e2f3e18]
Event: 0.244 Thread 0x00007ffc1a821000  147       3       java.io.RandomAccessFile::read (8 bytes)
Event: 0.245 Thread 0x00007ffc1a821000 nmethod 147 0x000000010e2f4210 code [0x000000010e2f43c0, 0x000000010e2f4568]
Event: 0.245 Thread 0x00007ffc1a820000  149       4       java.util.concurrent.ConcurrentHashMap::spread (10 bytes)
Event: 0.246 Thread 0x00007ffc1a820000 nmethod 149 0x00000001157faf90 code [0x00000001157fb100, 0x00000001157fb158]
Event: 0.247 Thread 0x00007ffc1a821000  150       1       java.net.URL::getUserInfo (5 bytes)
Event: 0.247 Thread 0x00007ffc1a821000 nmethod 150 0x00000001157fb290 code [0x00000001157fb420, 0x00000001157fb550]
Event: 0.247 Thread 0x00007ffc1a821000  152       3       java.util.concurrent.ConcurrentHashMap::get (162 bytes)
Event: 0.248 Thread 0x00007ffc1a821000 nmethod 152 0x000000010e2f4610 code [0x000000010e2f4860, 0x000000010e2f5638]
Event: 0.248 Thread 0x00007ffc1a821000  151       1       java.util.jar.Attributes$Name::hashCode (5 bytes)
Event: 0.248 Thread 0x00007ffc1a821000 nmethod 151 0x00000001157fb590 code [0x00000001157fb720, 0x00000001157fb850]

GC Heap History (0 events):
No events

Deoptimization events (2 events):
Event: 0.185 Thread 0x00007ffc19026000 DEOPT PACKING pc=0x000000010e2d1d0b sp=0x0000700007b7aab0
Event: 0.185 Thread 0x00007ffc19026000 DEOPT UNPACKING pc=0x000000010dd7433a sp=0x0000700007b79f70 mode 0

Classes unloaded (0 events):
No events

Classes redefined (0 events):
No events

Internal exceptions (0 events):
No events

Events (20 events):
Event: 0.236 loading class org/apache/catalina/Context
Event: 0.236 loading class org/apache/catalina/Context done
Event: 0.239 loading class org/apache/tomcat/ContextBind
Event: 0.239 loading class org/apache/tomcat/ContextBind done
Event: 0.239 loading class org/apache/tomcat/util/descriptor/web/SecurityConstraint
Event: 0.239 loading class org/apache/tomcat/util/descriptor/web/SecurityConstraint done
Event: 0.240 loading class org/apache/tomcat/util/descriptor/web/XmlEncodingBase
Event: 0.240 loading class org/apache/tomcat/util/descriptor/web/XmlEncodingBase done
Event: 0.241 loading class org/apache/catalina/connector/Response
Event: 0.241 loading class org/apache/catalina/connector/Response done
Event: 0.242 loading class javax/servlet/http/HttpServletResponse
Event: 0.242 loading class javax/servlet/http/HttpServletResponse done
Event: 0.243 loading class javax/servlet/ServletResponse
Event: 0.243 loading class javax/servlet/ServletResponse done
Event: 0.246 loading class org/apache/catalina/Wrapper
Event: 0.246 loading class org/apache/catalina/Wrapper done
Event: 0.247 loading class org/apache/catalina/startup/Tomcat
Event: 0.247 loading class org/apache/catalina/startup/Tomcat done
Event: 0.248 loading class java/lang/Class$EnclosingMethodInfo
Event: 0.249 loading class java/lang/Class$EnclosingMethodInfo done


Dynamic libraries:
0x00007fff6cc2f000 	/usr/lib/libz.1.dylib
0x0000000102b24000 	/Library/Java/JavaVirtualMachines/jdk-13.0.2.jdk/Contents/Home/lib/libjli.dylib
0x00007fff328a8000 	/System/Library/Frameworks/Cocoa.framework/Versions/A/Cocoa
0x00007fff40085000 	/System/Library/Frameworks/Security.framework/Versions/A/Security
0x00007fff31812000 	/System/Library/Frameworks/ApplicationServices.framework/Versions/A/ApplicationServices
0x00007fff6a6f3000 	/usr/lib/libSystem.B.dylib
0x00007fff6d4ef000 	/usr/lib/system/libcache.dylib
0x00007fff6d4f5000 	/usr/lib/system/libcommonCrypto.dylib
0x00007fff6d501000 	/usr/lib/system/libcompiler_rt.dylib
0x00007fff6d509000 	/usr/lib/system/libcopyfile.dylib
0x00007fff6d513000 	/usr/lib/system/libcorecrypto.dylib
0x00007fff6d6b2000 	/usr/lib/system/libdispatch.dylib
0x00007fff6d6f3000 	/usr/lib/system/libdyld.dylib
0x00007fff6d72a000 	/usr/lib/system/libkeymgr.dylib
0x00007fff6d738000 	/usr/lib/system/liblaunch.dylib
0x00007fff6d739000 	/usr/lib/system/libmacho.dylib
0x00007fff6d73f000 	/usr/lib/system/libquarantine.dylib
0x00007fff6d742000 	/usr/lib/system/libremovefile.dylib
0x00007fff6d744000 	/usr/lib/system/libsystem_asl.dylib
0x00007fff6d75c000 	/usr/lib/system/libsystem_blocks.dylib
0x00007fff6d75d000 	/usr/lib/system/libsystem_c.dylib
0x00007fff6d7e5000 	/usr/lib/system/libsystem_configuration.dylib
0x00007fff6d7e9000 	/usr/lib/system/libsystem_coreservices.dylib
0x00007fff6d7ed000 	/usr/lib/system/libsystem_darwin.dylib
0x00007fff6d7f6000 	/usr/lib/system/libsystem_dnssd.dylib
0x00007fff6d7fe000 	/usr/lib/system/libsystem_featureflags.dylib
0x00007fff6d800000 	/usr/lib/system/libsystem_info.dylib
0x00007fff6d87b000 	/usr/lib/system/libsystem_m.dylib
0x00007fff6d8c3000 	/usr/lib/system/libsystem_malloc.dylib
0x00007fff6d8eb000 	/usr/lib/system/libsystem_networkextension.dylib
0x00007fff6d8f9000 	/usr/lib/system/libsystem_notify.dylib
0x00007fff6d917000 	/usr/lib/system/libsystem_sandbox.dylib
0x00007fff6d91c000 	/usr/lib/system/libsystem_secinit.dylib
0x00007fff6d84e000 	/usr/lib/system/libsystem_kernel.dylib
0x00007fff6d903000 	/usr/lib/system/libsystem_platform.dylib
0x00007fff6d90c000 	/usr/lib/system/libsystem_pthread.dylib
0x00007fff6d91f000 	/usr/lib/system/libsystem_symptoms.dylib
0x00007fff6d927000 	/usr/lib/system/libsystem_trace.dylib
0x00007fff6d93f000 	/usr/lib/system/libunwind.dylib
0x00007fff6d945000 	/usr/lib/system/libxpc.dylib
0x00007fff6c553000 	/usr/lib/libobjc.A.dylib
0x00007fff6aa2c000 	/usr/lib/libc++abi.dylib
0x00007fff6a9d9000 	/usr/lib/libc++.1.dylib
0x00007fff33743000 	/System/Library/Frameworks/CoreFoundation.framework/Versions/A/CoreFoundation
0x00007fff35df9000 	/System/Library/Frameworks/Foundation.framework/Versions/C/Foundation
0x00007fff30a03000 	/System/Library/Frameworks/AppKit.framework/Versions/C/AppKit
0x00007fff3322c000 	/System/Library/Frameworks/CoreData.framework/Versions/A/CoreData
0x00007fff64714000 	/System/Library/PrivateFrameworks/UIFoundation.framework/Versions/A/UIFoundation
0x00007fff5f7c2000 	/System/Library/PrivateFrameworks/RemoteViewServices.framework/Versions/A/RemoteViewServices
0x00007fff67268000 	/System/Library/PrivateFrameworks/XCTTargetBootstrap.framework/Versions/A/XCTTargetBootstrap
0x00007fff33617000 	/System/Library/Frameworks/CoreDisplay.framework/Versions/A/CoreDisplay
0x00007fff38cb2000 	/System/Library/Frameworks/Metal.framework/Versions/A/Metal
0x00007fff4d81b000 	/System/Library/PrivateFrameworks/DesktopServicesPriv.framework/Versions/A/DesktopServicesPriv
0x00007fff6b830000 	/usr/lib/liblangid.dylib
0x00007fff4cab4000 	/System/Library/PrivateFrameworks/CoreSVG.framework/Versions/A/CoreSVG
0x00007fff62918000 	/System/Library/PrivateFrameworks/SkyLight.framework/Versions/A/SkyLight
0x00007fff33bc4000 	/System/Library/Frameworks/CoreGraphics.framework/Versions/A/CoreGraphics
0x00007fff2f3d7000 	/System/Library/Frameworks/Accelerate.framework/Versions/A/Accelerate
0x00007fff6cb20000 	/usr/lib/libxml2.2.dylib
0x00007fff58774000 	/System/Library/PrivateFrameworks/IconServices.framework/Versions/A/IconServices
0x00007fff365d8000 	/System/Library/Frameworks/IOSurface.framework/Versions/A/IOSurface
0x00007fff6a21d000 	/usr/lib/libDiagnosticMessagesClient.dylib
0x00007fff4d675000 	/System/Library/PrivateFrameworks/DFRFoundation.framework/Versions/A/DFRFoundation
0x00007fff6b5bf000 	/usr/lib/libicucore.A.dylib
0x00007fff31b44000 	/System/Library/Frameworks/AudioToolbox.framework/Versions/A/AudioToolbox
0x00007fff31c27000 	/System/Library/Frameworks/AudioUnit.framework/Versions/A/AudioUnit
0x00007fff6a8f5000 	/usr/lib/libauto.dylib
0x00007fff4d717000 	/System/Library/PrivateFrameworks/DataDetectorsCore.framework/Versions/A/DataDetectorsCore
0x00007fff323c9000 	/System/Library/Frameworks/Carbon.framework/Versions/A/Frameworks/HIToolbox.framework/Versions/A/HIToolbox
0x00007fff3f282000 	/System/Library/Frameworks/QuartzCore.framework/Versions/A/QuartzCore
0x00007fff32708000 	/System/Library/Frameworks/Carbon.framework/Versions/A/Frameworks/SpeechRecognition.framework/Versions/A/SpeechRecognition
0x00007fff4d18c000 	/System/Library/PrivateFrameworks/CoreUI.framework/Versions/A/CoreUI
0x00007fff32c97000 	/System/Library/Frameworks/CoreAudio.framework/Versions/A/CoreAudio
0x00007fff35abe000 	/System/Library/Frameworks/DiskArbitration.framework/Versions/A/DiskArbitration
0x00007fff5a7c1000 	/System/Library/PrivateFrameworks/MultitouchSupport.framework/Versions/A/MultitouchSupport
0x00007fff6b486000 	/usr/lib/libenergytrace.dylib
0x00007fff36532000 	/System/Library/Frameworks/IOKit.framework/Versions/A/IOKit
0x00007fff34b2b000 	/System/Library/Frameworks/CoreServices.framework/Versions/A/CoreServices
0x00007fff5c958000 	/System/Library/PrivateFrameworks/PerformanceAnalysis.framework/Versions/A/PerformanceAnalysis
0x00007fff3e2b5000 	/System/Library/Frameworks/OpenGL.framework/Versions/A/OpenGL
0x00007fff328b6000 	/System/Library/Frameworks/ColorSync.framework/Versions/A/ColorSync
0x00007fff34246000 	/System/Library/Frameworks/CoreImage.framework/Versions/A/CoreImage
0x00007fff3559d000 	/System/Library/Frameworks/CoreText.framework/Versions/A/CoreText
0x00007fff36668000 	/System/Library/Frameworks/ImageIO.framework/Versions/A/ImageIO
0x00007fff6aa55000 	/usr/lib/libcompression.dylib
0x00007fff6a561000 	/usr/lib/libMobileGestalt.dylib
0x00007fff6448d000 	/System/Library/PrivateFrameworks/TextureIO.framework/Versions/A/TextureIO
0x00007fff6a858000 	/usr/lib/libate.dylib
0x00007fff5897d000 	/System/Library/PrivateFrameworks/InternationalSupport.framework/Versions/A/InternationalSupport
0x00007fff6b832000 	/usr/lib/liblzma.5.dylib
0x00007fff6b4ad000 	/usr/lib/libfakelink.dylib
0x00007fff6a7e5000 	/usr/lib/libarchive.2.dylib
0x00007fff41135000 	/System/Library/Frameworks/SystemConfiguration.framework/Versions/A/SystemConfiguration
0x00007fff6a150000 	/usr/lib/libCRFSuite.dylib
0x00007fff31fba000 	/System/Library/Frameworks/CFNetwork.framework/Versions/A/CFNetwork
0x00007fff6a9bb000 	/usr/lib/libbsm.0.dylib
0x00007fff6d72b000 	/usr/lib/system/libkxld.dylib
0x00007fff4704a000 	/System/Library/PrivateFrameworks/AppleFSCompression.framework/Versions/A/AppleFSCompression
0x00007fff6ad46000 	/usr/lib/libcoretls.dylib
0x00007fff6ad5d000 	/usr/lib/libcoretls_cfhelpers.dylib
0x00007fff6c599000 	/usr/lib/libpam.2.dylib
0x00007fff6c6ce000 	/usr/lib/libsqlite3.dylib
0x00007fff6cb0d000 	/usr/lib/libxar.1.dylib
0x00007fff6a9cc000 	/usr/lib/libbz2.1.0.dylib
0x00007fff6b4ce000 	/usr/lib/libiconv.2.dylib
0x00007fff6aa42000 	/usr/lib/libcharset.1.dylib
0x00007fff6c038000 	/usr/lib/libnetwork.dylib
0x00007fff6c5a0000 	/usr/lib/libpcap.A.dylib
0x00007fff6a79a000 	/usr/lib/libapple_nghttp2.dylib
0x00007fff34ee2000 	/System/Library/Frameworks/CoreServices.framework/Versions/A/Frameworks/FSEvents.framework/Versions/A/FSEvents
0x00007fff34bb2000 	/System/Library/Frameworks/CoreServices.framework/Versions/A/Frameworks/CarbonCore.framework/Versions/A/CarbonCore
0x00007fff35125000 	/System/Library/Frameworks/CoreServices.framework/Versions/A/Frameworks/Metadata.framework/Versions/A/Metadata
0x00007fff351be000 	/System/Library/Frameworks/CoreServices.framework/Versions/A/Frameworks/OSServices.framework/Versions/A/OSServices
0x00007fff351ec000 	/System/Library/Frameworks/CoreServices.framework/Versions/A/Frameworks/SearchKit.framework/Versions/A/SearchKit
0x00007fff34b2c000 	/System/Library/Frameworks/CoreServices.framework/Versions/A/Frameworks/AE.framework/Versions/A/AE
0x00007fff34eeb000 	/System/Library/Frameworks/CoreServices.framework/Versions/A/Frameworks/LaunchServices.framework/Versions/A/LaunchServices
0x00007fff34e94000 	/System/Library/Frameworks/CoreServices.framework/Versions/A/Frameworks/DictionaryServices.framework/Versions/A/DictionaryServices
0x00007fff35254000 	/System/Library/Frameworks/CoreServices.framework/Versions/A/Frameworks/SharedFileList.framework/Versions/A/SharedFileList
0x00007fff3a0d5000 	/System/Library/Frameworks/NetFS.framework/Versions/A/NetFS
0x00007fff5acf0000 	/System/Library/PrivateFrameworks/NetAuth.framework/Versions/A/NetAuth
0x00007fff67635000 	/System/Library/PrivateFrameworks/login.framework/Versions/A/Frameworks/loginsupport.framework/Versions/A/loginsupport
0x00007fff63f5a000 	/System/Library/PrivateFrameworks/TCC.framework/Versions/A/TCC
0x00007fff4bc27000 	/System/Library/PrivateFrameworks/CoreNLP.framework/Versions/A/CoreNLP
0x00007fff5a1ef000 	/System/Library/PrivateFrameworks/MetadataUtilities.framework/Versions/A/MetadataUtilities
0x00007fff6b90a000 	/usr/lib/libmecabra.dylib
0x00007fff6b862000 	/usr/lib/libmecab.dylib
0x00007fff6b4be000 	/usr/lib/libgermantok.dylib
0x00007fff6a781000 	/usr/lib/libThaiTokenizer.dylib
0x00007fff6a187000 	/usr/lib/libChineseTokenizer.dylib
0x00007fff2f3ef000 	/System/Library/Frameworks/Accelerate.framework/Versions/A/Frameworks/vImage.framework/Versions/A/vImage
0x00007fff30859000 	/System/Library/Frameworks/Accelerate.framework/Versions/A/Frameworks/vecLib.framework/Versions/A/vecLib
0x00007fff30796000 	/System/Library/Frameworks/Accelerate.framework/Versions/A/Frameworks/vecLib.framework/Versions/A/libvMisc.dylib
0x00007fff305be000 	/System/Library/Frameworks/Accelerate.framework/Versions/A/Frameworks/vecLib.framework/Versions/A/libvDSP.dylib
0x00007fff2fa46000 	/System/Library/Frameworks/Accelerate.framework/Versions/A/Frameworks/vecLib.framework/Versions/A/libBLAS.dylib
0x00007fff30182000 	/System/Library/Frameworks/Accelerate.framework/Versions/A/Frameworks/vecLib.framework/Versions/A/libLAPACK.dylib
0x00007fff3051e000 	/System/Library/Frameworks/Accelerate.framework/Versions/A/Frameworks/vecLib.framework/Versions/A/libLinearAlgebra.dylib
0x00007fff305ab000 	/System/Library/Frameworks/Accelerate.framework/Versions/A/Frameworks/vecLib.framework/Versions/A/libSparseBLAS.dylib
0x00007fff30534000 	/System/Library/Frameworks/Accelerate.framework/Versions/A/Frameworks/vecLib.framework/Versions/A/libQuadrature.dylib
0x00007fff2fcae000 	/System/Library/Frameworks/Accelerate.framework/Versions/A/Frameworks/vecLib.framework/Versions/A/libBNNS.dylib
0x00007fff3053a000 	/System/Library/Frameworks/Accelerate.framework/Versions/A/Frameworks/vecLib.framework/Versions/A/libSparse.dylib
0x00007fff58d65000 	/System/Library/PrivateFrameworks/LanguageModeling.framework/Versions/A/LanguageModeling
0x00007fff4b5d7000 	/System/Library/PrivateFrameworks/CoreEmoji.framework/Versions/A/CoreEmoji
0x00007fff58e83000 	/System/Library/PrivateFrameworks/LinguisticData.framework/Versions/A/LinguisticData
0x00007fff58e34000 	/System/Library/PrivateFrameworks/Lexicon.framework/Versions/A/Lexicon
0x00007fff6aa43000 	/usr/lib/libcmph.dylib
0x00007fff3ccc3000 	/System/Library/Frameworks/OpenDirectory.framework/Versions/A/Frameworks/CFOpenDirectory.framework/Versions/A/CFOpenDirectory
0x00007fff3cce0000 	/System/Library/Frameworks/OpenDirectory.framework/Versions/A/OpenDirectory
0x00007fff45100000 	/System/Library/PrivateFrameworks/APFS.framework/Versions/A/APFS
0x00007fff403cf000 	/System/Library/Frameworks/SecurityFoundation.framework/Versions/A/SecurityFoundation
0x00007fff6cb09000 	/usr/lib/libutil.dylib
0x00007fff4cb0c000 	/System/Library/PrivateFrameworks/CoreServicesStore.framework/Versions/A/CoreServicesStore
0x00007fff40486000 	/System/Library/Frameworks/ServiceManagement.framework/Versions/A/ServiceManagement
0x00007fff48818000 	/System/Library/PrivateFrameworks/BackgroundTaskManagement.framework/Versions/A/BackgroundTaskManagement
0x00007fff6cc06000 	/usr/lib/libxslt.1.dylib
0x00007fff476bc000 	/System/Library/PrivateFrameworks/AppleSystemInfo.framework/Versions/A/AppleSystemInfo
0x00007fff36883000 	/System/Library/Frameworks/ImageIO.framework/Versions/A/Resources/libJPEG.dylib
0x00007fff36b3f000 	/System/Library/Frameworks/ImageIO.framework/Versions/A/Resources/libTIFF.dylib
0x00007fff36b22000 	/System/Library/Frameworks/ImageIO.framework/Versions/A/Resources/libPng.dylib
0x00007fff367c5000 	/System/Library/Frameworks/ImageIO.framework/Versions/A/Resources/libGIF.dylib
0x00007fff367c9000 	/System/Library/Frameworks/ImageIO.framework/Versions/A/Resources/libJP2.dylib
0x00007fff36b3d000 	/System/Library/Frameworks/ImageIO.framework/Versions/A/Resources/libRadiance.dylib
0x00007fff6b487000 	/usr/lib/libexpat.1.dylib
0x00007fff471a5000 	/System/Library/PrivateFrameworks/AppleJPEG.framework/Versions/A/AppleJPEG
0x00007fff4fde7000 	/System/Library/PrivateFrameworks/FontServices.framework/libFontParser.dylib
0x00007fff6663b000 	/System/Library/PrivateFrameworks/WatchdogClient.framework/Versions/A/WatchdogClient
0x00007fff583c1000 	/System/Library/PrivateFrameworks/IOAccelerator.framework/Versions/A/IOAccelerator
0x00007fff3904d000 	/System/Library/Frameworks/MetalPerformanceShaders.framework/Versions/A/MetalPerformanceShaders
0x00007fff54b5a000 	/System/Library/PrivateFrameworks/GPUWrangler.framework/Versions/A/GPUWrangler
0x00007fff583d6000 	/System/Library/PrivateFrameworks/IOPresentment.framework/Versions/A/IOPresentment
0x00007fff4d688000 	/System/Library/PrivateFrameworks/DSExternalDisplay.framework/Versions/A/DSExternalDisplay
0x00007fff3d654000 	/System/Library/Frameworks/OpenGL.framework/Versions/A/Libraries/libCoreFSCache.dylib
0x00007fff38d99000 	/System/Library/Frameworks/MetalPerformanceShaders.framework/Frameworks/MPSCore.framework/Versions/A/MPSCore
0x00007fff38dd7000 	/System/Library/Frameworks/MetalPerformanceShaders.framework/Frameworks/MPSImage.framework/Versions/A/MPSImage
0x00007fff38e9e000 	/System/Library/Frameworks/MetalPerformanceShaders.framework/Frameworks/MPSNeuralNetwork.framework/Versions/A/MPSNeuralNetwork
0x00007fff38e62000 	/System/Library/Frameworks/MetalPerformanceShaders.framework/Frameworks/MPSMatrix.framework/Versions/A/MPSMatrix
0x00007fff38ffd000 	/System/Library/Frameworks/MetalPerformanceShaders.framework/Frameworks/MPSRayIntersector.framework/Versions/A/MPSRayIntersector
0x00007fff38e88000 	/System/Library/Frameworks/MetalPerformanceShaders.framework/Frameworks/MPSNDArray.framework/Versions/A/MPSNDArray
0x00007fff5a23c000 	/System/Library/PrivateFrameworks/MetalTools.framework/Versions/A/MetalTools
0x00007fff462d2000 	/System/Library/PrivateFrameworks/AggregateDictionary.framework/Versions/A/AggregateDictionary
0x00007fff4b031000 	/System/Library/PrivateFrameworks/CoreAnalytics.framework/Versions/A/CoreAnalytics
0x00007fff475db000 	/System/Library/PrivateFrameworks/AppleSauce.framework/Versions/A/AppleSauce
0x00007fff6a443000 	/usr/lib/libIOReport.dylib
0x00007fff35755000 	/System/Library/Frameworks/CoreVideo.framework/Versions/A/CoreVideo
0x00007fff55fd4000 	/System/Library/PrivateFrameworks/GraphVisualizer.framework/Versions/A/GraphVisualizer
0x00007fff4f33b000 	/System/Library/PrivateFrameworks/FaceCore.framework/Versions/A/FaceCore
0x00007fff3cc6a000 	/System/Library/Frameworks/OpenCL.framework/Versions/A/OpenCL
0x00007fff6a265000 	/usr/lib/libFosl_dynamic.dylib
0x00007fff5b705000 	/System/Library/PrivateFrameworks/OTSVG.framework/Versions/A/OTSVG
0x00007fff31917000 	/System/Library/Frameworks/ApplicationServices.framework/Versions/A/Frameworks/ATS.framework/Versions/A/Resources/libFontRegistry.dylib
0x00007fff4ffb8000 	/System/Library/PrivateFrameworks/FontServices.framework/libhvf.dylib
0x00007fff3d65f000 	/System/Library/Frameworks/OpenGL.framework/Versions/A/Libraries/libGFXShared.dylib
0x00007fff3d83d000 	/System/Library/Frameworks/OpenGL.framework/Versions/A/Libraries/libGLU.dylib
0x00007fff3d668000 	/System/Library/Frameworks/OpenGL.framework/Versions/A/Libraries/libGL.dylib
0x00007fff3d673000 	/System/Library/Frameworks/OpenGL.framework/Versions/A/Libraries/libGLImage.dylib
0x00007fff3d651000 	/System/Library/Frameworks/OpenGL.framework/Versions/A/Libraries/libCVMSPluginSupport.dylib
0x00007fff3d65a000 	/System/Library/Frameworks/OpenGL.framework/Versions/A/Libraries/libCoreVMClient.dylib
0x00007fff6bed9000 	/usr/lib/libncurses.5.4.dylib
0x00007fff31813000 	/System/Library/Frameworks/ApplicationServices.framework/Versions/A/Frameworks/ATS.framework/Versions/A/ATS
0x00007fff319e0000 	/System/Library/Frameworks/ApplicationServices.framework/Versions/A/Frameworks/ColorSyncLegacy.framework/Versions/A/ColorSyncLegacy
0x00007fff31a7e000 	/System/Library/Frameworks/ApplicationServices.framework/Versions/A/Frameworks/HIServices.framework/Versions/A/HIServices
0x00007fff31ad6000 	/System/Library/Frameworks/ApplicationServices.framework/Versions/A/Frameworks/LangAnalysis.framework/Versions/A/LangAnalysis
0x00007fff31ae5000 	/System/Library/Frameworks/ApplicationServices.framework/Versions/A/Frameworks/PrintCore.framework/Versions/A/PrintCore
0x00007fff31b2b000 	/System/Library/Frameworks/ApplicationServices.framework/Versions/A/Frameworks/QD.framework/Versions/A/QD
0x00007fff31b36000 	/System/Library/Frameworks/ApplicationServices.framework/Versions/A/Frameworks/SpeechSynthesis.framework/Versions/A/SpeechSynthesis
0x00007fff319b0000 	/System/Library/Frameworks/ApplicationServices.framework/Versions/A/Frameworks/ATSUI.framework/Versions/A/ATSUI
0x00007fff6b31b000 	/usr/lib/libcups.2.dylib
0x00007fff380ea000 	/System/Library/Frameworks/Kerberos.framework/Versions/A/Kerberos
0x00007fff3622b000 	/System/Library/Frameworks/GSS.framework/Versions/A/GSS
0x00007fff6c65a000 	/usr/lib/libresolv.9.dylib
0x00007fff56182000 	/System/Library/PrivateFrameworks/Heimdal.framework/Versions/A/Heimdal
0x00007fff380fd000 	/System/Library/Frameworks/Kerberos.framework/Versions/A/Libraries/libHeimdalProxy.dylib
0x00007fff6b4c4000 	/usr/lib/libheimdal-asn1.dylib
0x00007fff4a4ca000 	/System/Library/PrivateFrameworks/CommonAuth.framework/Versions/A/CommonAuth
0x00007fff47759000 	/System/Library/PrivateFrameworks/AssertionServices.framework/Versions/A/AssertionServices
0x00007fff482fb000 	/System/Library/PrivateFrameworks/AudioToolboxCore.framework/Versions/A/AudioToolboxCore
0x00007fff672e5000 	/System/Library/PrivateFrameworks/caulk.framework/Versions/A/caulk
0x00007fff488c4000 	/System/Library/PrivateFrameworks/BaseBoard.framework/Versions/A/BaseBoard
0x00007fff5f950000 	/System/Library/PrivateFrameworks/RunningBoardServices.framework/Versions/A/RunningBoardServices
0x00007fff5c964000 	/System/Library/PrivateFrameworks/PersistentConnection.framework/Versions/A/PersistentConnection
0x00007fff5f34a000 	/System/Library/PrivateFrameworks/ProtocolBuffer.framework/Versions/A/ProtocolBuffer
0x00007fff4a4ee000 	/System/Library/PrivateFrameworks/CommonUtilities.framework/Versions/A/CommonUtilities
0x00007fff48a52000 	/System/Library/PrivateFrameworks/Bom.framework/Versions/A/Bom
0x00007fff6a116000 	/usr/lib/libAudioToolboxUtility.dylib
0x00007fff48822000 	/System/Library/PrivateFrameworks/Backup.framework/Versions/A/Backup
0x00007fff4d5a9000 	/System/Library/PrivateFrameworks/CrashReporterSupport.framework/Versions/A/CrashReporterSupport
0x00007fff613de000 	/System/Library/PrivateFrameworks/Sharing.framework/Versions/A/Sharing
0x00007fff46d68000 	/System/Library/PrivateFrameworks/Apple80211.framework/Versions/A/Apple80211
0x00007fff4853f000 	/System/Library/PrivateFrameworks/AuthKit.framework/Versions/A/AuthKit
0x00007fff4d2b9000 	/System/Library/PrivateFrameworks/CoreUtils.framework/Versions/A/CoreUtils
0x00007fff3579a000 	/System/Library/Frameworks/CoreWLAN.framework/Versions/A/CoreWLAN
0x00007fff363b8000 	/System/Library/Frameworks/IOBluetooth.framework/Versions/A/IOBluetooth
0x00007fff5a540000 	/System/Library/PrivateFrameworks/MobileKeyBag.framework/Versions/A/MobileKeyBag
0x00007fff4c0bf000 	/System/Library/PrivateFrameworks/CorePhoneNumbers.framework/Versions/A/CorePhoneNumbers
0x00007fff47158000 	/System/Library/PrivateFrameworks/AppleIDAuthSupport.framework/Versions/A/AppleIDAuthSupport
0x00007fff3a0e2000 	/System/Library/Frameworks/Network.framework/Versions/A/Network
0x00007fff58c11000 	/System/Library/PrivateFrameworks/KeychainCircle.framework/Versions/A/KeychainCircle
0x00007fff331f3000 	/System/Library/Frameworks/CoreBluetooth.framework/Versions/A/CoreBluetooth
0x00007fff6345b000 	/System/Library/PrivateFrameworks/SpeechRecognitionCore.framework/Versions/A/SpeechRecognitionCore
0x0000000103400000 	/Library/Java/JavaVirtualMachines/jdk-13.0.2.jdk/Contents/Home/lib/server/libjvm.dylib
0x0000000102b41000 	/Library/Java/JavaVirtualMachines/jdk-13.0.2.jdk/Contents/Home/lib/libverify.dylib
0x0000000102b4d000 	/Library/Java/JavaVirtualMachines/jdk-13.0.2.jdk/Contents/Home/lib/libjava.dylib
0x0000000102bd3000 	/Library/Java/JavaVirtualMachines/jdk-13.0.2.jdk/Contents/Home/lib/libzip.dylib
0x0000000102bda000 	/Library/Java/JavaVirtualMachines/jdk-13.0.2.jdk/Contents/Home/lib/libjimage.dylib
0x0000000125275000 	/Library/Java/JavaVirtualMachines/jdk-13.0.2.jdk/Contents/Home/lib/libnio.dylib
0x0000000125283000 	/Library/Java/JavaVirtualMachines/jdk-13.0.2.jdk/Contents/Home/lib/libnet.dylib


VM Arguments:
jvm_args: -Dfile.encoding=UTF-8 
java_command: org.apache.catalina.startup.Tomcat$1
java_class_path (initial): /Users/COL/Documents/Marlabs/Part 2/Programs/boot-ecommerce/target/classes:/Users/COL/.m2/repository/org/springframework/boot/spring-boot-starter-web/2.0.1.RELEASE/spring-boot-starter-web-2.0.1.RELEASE.jar:/Users/COL/.m2/repository/org/springframework/boot/spring-boot-starter/2.0.1.RELEASE/spring-boot-starter-2.0.1.RELEASE.jar:/Users/COL/.m2/repository/org/springframework/boot/spring-boot/2.0.1.RELEASE/spring-boot-2.0.1.RELEASE.jar:/Users/COL/.m2/repository/org/springframework/boot/spring-boot-autoconfigure/2.0.1.RELEASE/spring-boot-autoconfigure-2.0.1.RELEASE.jar:/Users/COL/.m2/repository/org/springframework/boot/spring-boot-starter-logging/2.0.1.RELEASE/spring-boot-starter-logging-2.0.1.RELEASE.jar:/Users/COL/.m2/repository/ch/qos/logback/logback-classic/1.2.3/logback-classic-1.2.3.jar:/Users/COL/.m2/repository/ch/qos/logback/logback-core/1.2.3/logback-core-1.2.3.jar:/Users/COL/.m2/repository/org/apache/logging/log4j/log4j-to-slf4j/2.10.0/log4j-to-slf4j-2.10.0.jar:/Users/COL/.m2/repository/org/apache/logging/log4j/log4j-api/2.10.0/log4j-api-2.10.0.jar:/Users/COL/.m2/repository/org/slf4j/jul-to-slf4j/1.7.25/jul-to-slf4j-1.7.25.jar:/Users/COL/.m2/repository/javax/annotation/javax.annotation-api/1.3.2/javax.annotation-api-1.3.2.jar:/Users/COL/.m2/repository/org/springframework/spring-core/5.0.5.RELEASE/spring-core-5.0.5.RELEASE.jar:/Users/COL/.m2/repository/org/springframework/spring-jcl/5.0.5.RELEASE/spring-jcl-5.0.5.RELEASE.jar:/Users/COL/.m2/repository/org/yaml/snakeyaml/1.19/snakeyaml-1.19.jar:/Users/COL/.m2/repository/org/springframework/boot/spring-boot-starter-json/2.0.1.RELEASE/spring-boot-starter-json-2.0.1.RELEASE.jar:/Users/COL/.m2/repository/com/fasterxml/jackson/core/jackson-databind/2.9.5/jackson-databind-2.9.5.jar:/Users/COL/.m2/repository/com/fasterxml/jackson/core/jackson-annotations/2.9.0/jackson-annotations-2.9.0.jar:/Users/COL/.m2/repository/com/fasterxml/jackson/core/jackson-core/2.9.5/jackson-core-2.9.5.jar:/Users/CO
Launcher Type: SUN_STANDARD

[Global flags]
     intx CICompilerCount                          = 3                                         {product} {ergonomic}
     uint ConcGCThreads                            = 1                                         {product} {ergonomic}
     uint G1ConcRefinementThreads                  = 4                                         {product} {ergonomic}
   size_t G1HeapRegionSize                         = 1048576                                   {product} {ergonomic}
    uintx GCDrainStackTargetSize                   = 64                                        {product} {ergonomic}
   size_t InitialHeapSize                          = 134217728                                 {product} {ergonomic}
   size_t MarkStackSize                            = 4194304                                   {product} {ergonomic}
   size_t MaxHeapSize                              = 2147483648                                {product} {ergonomic}
   size_t MaxNewSize                               = 1287651328                                {product} {ergonomic}
   size_t MinHeapDeltaBytes                        = 1048576                                   {product} {ergonomic}
   size_t MinHeapSize                              = 8388608                                   {product} {ergonomic}
    uintx NonNMethodCodeHeapSize                   = 5832780                                {pd product} {ergonomic}
    uintx NonProfiledCodeHeapSize                  = 122912730                              {pd product} {ergonomic}
    uintx ProfiledCodeHeapSize                     = 122912730                              {pd product} {ergonomic}
    uintx ReservedCodeCacheSize                    = 251658240                              {pd product} {ergonomic}
     bool SegmentedCodeCache                       = true                                      {product} {ergonomic}
   size_t SoftMaxHeapSize                          = 2147483648                             {manageable} {ergonomic}
     bool UseCompressedClassPointers               = true                                 {lp64_product} {ergonomic}
     bool UseCompressedOops                        = true                                 {lp64_product} {ergonomic}
     bool UseG1GC                                  = true                                      {product} {ergonomic}

Logging:
Log output configuration:
 #0: stdout all=warning uptime,level,tags
 #1: stderr all=off uptime,level,tags

Environment Variables:
PATH=/usr/bin:/bin:/usr/sbin:/sbin
SHELL=/bin/zsh

Signal Handlers:
SIGSEGV: [libjvm.dylib+0x77ba40], sa_mask[0]=11111111011111110111111111111111, sa_flags=SA_ONSTACK|SA_RESTART|SA_SIGINFO
SIGBUS: [libjvm.dylib+0x77ba40], sa_mask[0]=11111111011111110111111111111111, sa_flags=SA_RESTART|SA_SIGINFO
SIGFPE: [libjvm.dylib+0x77ba40], sa_mask[0]=11111111011111110111111111111111, sa_flags=SA_RESTART|SA_SIGINFO
SIGPIPE: [libjvm.dylib+0x6221fd], sa_mask[0]=11111111011111110111111111111111, sa_flags=SA_RESTART|SA_SIGINFO
SIGXFSZ: [libjvm.dylib+0x6221fd], sa_mask[0]=11111111011111110111111111111111, sa_flags=SA_RESTART|SA_SIGINFO
SIGILL: [libjvm.dylib+0x77ba40], sa_mask[0]=11111111011111110111111111111111, sa_flags=SA_RESTART|SA_SIGINFO
SIGUSR2: [libjvm.dylib+0x6227e7], sa_mask[0]=00100000000000000000000000000000, sa_flags=SA_RESTART|SA_SIGINFO
SIGHUP: [libjvm.dylib+0x6217d5], sa_mask[0]=11111111011111110111111111111111, sa_flags=SA_RESTART|SA_SIGINFO
SIGINT: [libjvm.dylib+0x6217d5], sa_mask[0]=11111111011111110111111111111111, sa_flags=SA_RESTART|SA_SIGINFO
SIGTERM: [libjvm.dylib+0x6217d5], sa_mask[0]=11111111011111110111111111111111, sa_flags=SA_RESTART|SA_SIGINFO
SIGQUIT: [libjvm.dylib+0x6217d5], sa_mask[0]=11111111011111110111111111111111, sa_flags=SA_RESTART|SA_SIGINFO


---------------  S Y S T E M  ---------------

OS:uname:Darwin 19.4.0 Darwin Kernel Version 19.4.0: Wed Mar  4 22:28:40 PST 2020; root:xnu-6153.101.6~15/RELEASE_X86_64 x86_64
rlimit: STACK 8192k, CORE 0k, NPROC 1392, NOFILE 10240, AS infinity, DATA infinity, FSIZE infinity
load average:3.85 3.16 3.44

CPU:total 4 (initial active 4) (2 cores per cpu, 2 threads per core) family 6 model 61 stepping 4, cmov, cx8, fxsr, mmx, sse, sse2, sse3, ssse3, sse4.1, sse4.2, popcnt, avx, avx2, aes, clmul, erms, 3dnowpref, lzcnt, ht, tsc, tscinvbit, bmi1, bmi2, adx, fma

Memory: 4k page, physical 8388608k(155056k free), swap 6291456k(1210112k free)

vm_info: Java HotSpot(TM) 64-Bit Server VM (13.0.2+8) for bsd-amd64 JRE (13.0.2+8), built on Dec 11 2019 09:27:08 by "mach5one" with clang 4.2.1 Compatible Apple LLVM 10.0.0 (clang-1000.11.45.5)

END.
